# JRE version: Java(TM) SE Runtime Environment (8.0_202-b08) (build 1.8.0_202-b08)
# Java VM: Java HotSpot(TM) 64-Bit Server VM (25.202-b08 mixed mode windows-amd64 compressed oops)
Heap:
 PSYoungGen      total 38400K, used 5730K [0x00000000d5f00000, 0x00000000db080000, 0x0000000100000000)
  eden space 33280K, 3% used [0x00000000d5f00000,0x00000000d604a490,0x00000000d7f80000)
  from space 5120K, 86% used [0x00000000d7f80000,0x00000000d83ce610,0x00000000d8480000)
  to   space 11264K, 0% used [0x00000000da580000,0x00000000da580000,0x00000000db080000)
 ParOldGen       total 59904K, used 14927K [0x0000000081c00000, 0x0000000085680000, 0x00000000d5f00000)
  object space 59904K, 24% used [0x0000000081c00000,0x0000000082a93e50,0x0000000085680000)
 Metaspace       used 21555K, capacity 22032K, committed 22448K, reserved 1069056K
  class space    used 2556K, capacity 2707K, committed 2816K, reserved 1048576K
GC Heap History (10 events):
Event: 6.344 GC heap before
{Heap before GC invocations=4 (full 0):
 PSYoungGen      total 38400K, used 38376K [0x00000000d5f00000, 0x00000000d8980000, 0x0000000100000000)
  eden space 33280K, 100% used [0x00000000d5f00000,0x00000000d7f80000,0x00000000d7f80000)
  from space 5120K, 99% used [0x00000000d7f80000,0x00000000d847a040,0x00000000d8480000)
  to   space 5120K, 0% used [0x00000000d8480000,0x00000000d8480000,0x00000000d8980000)
 ParOldGen       total 87552K, used 5122K [0x0000000081c00000, 0x0000000087180000, 0x00000000d5f00000)
  object space 87552K, 5% used [0x0000000081c00000,0x0000000082100bf0,0x0000000087180000)
 Metaspace       used 15234K, capacity 15528K, committed 15744K, reserved 1062912K
  class space    used 1840K, capacity 1915K, committed 1920K, reserved 1048576K
Event: 6.368 GC heap after
Heap after GC invocations=4 (full 0):
 PSYoungGen      total 38400K, used 5112K [0x00000000d5f00000, 0x00000000d8980000, 0x0000000100000000)
  eden space 33280K, 0% used [0x00000000d5f00000,0x00000000d5f00000,0x00000000d7f80000)
  from space 5120K, 99% used [0x00000000d8480000,0x00000000d897e030,0x00000000d8980000)
  to   space 5120K, 0% used [0x00000000d7f80000,0x00000000d7f80000,0x00000000d8480000)
 ParOldGen       total 87552K, used 9311K [0x0000000081c00000, 0x0000000087180000, 0x00000000d5f00000)
  object space 87552K, 10% used [0x0000000081c00000,0x0000000082517ca0,0x0000000087180000)
 Metaspace       used 15234K, capacity 15528K, committed 15744K, reserved 1062912K
  class space    used 1840K, capacity 1915K, committed 1920K, reserved 1048576K
}
Event: 7.713 GC heap before
{Heap before GC invocations=5 (full 0):
 PSYoungGen      total 38400K, used 38392K [0x00000000d5f00000, 0x00000000d8980000, 0x0000000100000000)
  eden space 33280K, 100% used [0x00000000d5f00000,0x00000000d7f80000,0x00000000d7f80000)
  from space 5120K, 99% used [0x00000000d8480000,0x00000000d897e030,0x00000000d8980000)
  to   space 5120K, 0% used [0x00000000d7f80000,0x00000000d7f80000,0x00000000d8480000)
 ParOldGen       total 87552K, used 9311K [0x0000000081c00000, 0x0000000087180000, 0x00000000d5f00000)
  object space 87552K, 10% used [0x0000000081c00000,0x0000000082517ca0,0x0000000087180000)
 Metaspace       used 20169K, capacity 20602K, committed 20864K, reserved 1067008K
  class space    used 2426K, capacity 2576K, committed 2688K, reserved 1048576K
Event: 7.924 GC heap after
Heap after GC invocations=5 (full 0):
 PSYoungGen      total 38400K, used 5112K [0x00000000d5f00000, 0x00000000d8980000, 0x0000000100000000)
  eden space 33280K, 0% used [0x00000000d5f00000,0x00000000d5f00000,0x00000000d7f80000)
  from space 5120K, 99% used [0x00000000d7f80000,0x00000000d847e010,0x00000000d8480000)
  to   space 5120K, 0% used [0x00000000d8480000,0x00000000d8480000,0x00000000d8980000)
 ParOldGen       total 87552K, used 13075K [0x0000000081c00000, 0x0000000087180000, 0x00000000d5f00000)
  object space 87552K, 14% used [0x0000000081c00000,0x00000000828c4cf8,0x0000000087180000)
 Metaspace       used 20169K, capacity 20602K, committed 20864K, reserved 1067008K
  class space    used 2426K, capacity 2576K, committed 2688K, reserved 1048576K
}
Event: 8.139 GC heap before
{Heap before GC invocations=6 (full 0):
 PSYoungGen      total 38400K, used 11856K [0x00000000d5f00000, 0x00000000d8980000, 0x0000000100000000)
  eden space 33280K, 20% used [0x00000000d5f00000,0x00000000d65963d8,0x00000000d7f80000)
  from space 5120K, 99% used [0x00000000d7f80000,0x00000000d847e010,0x00000000d8480000)
  to   space 5120K, 0% used [0x00000000d8480000,0x00000000d8480000,0x00000000d8980000)
 ParOldGen       total 87552K, used 13075K [0x0000000081c00000, 0x0000000087180000, 0x00000000d5f00000)
  object space 87552K, 14% used [0x0000000081c00000,0x00000000828c4cf8,0x0000000087180000)
 Metaspace       used 20669K, capacity 21030K, committed 21296K, reserved 1069056K
  class space    used 2470K, capacity 2610K, committed 2688K, reserved 1048576K
Event: 8.260 GC heap after
Heap after GC invocations=6 (full 0):
 PSYoungGen      total 38400K, used 5096K [0x00000000d5f00000, 0x00000000d8980000, 0x0000000100000000)
  eden space 33280K, 0% used [0x00000000d5f00000,0x00000000d5f00000,0x00000000d7f80000)
  from space 5120K, 99% used [0x00000000d8480000,0x00000000d897a020,0x00000000d8980000)
  to   space 5120K, 0% used [0x00000000d7f80000,0x00000000d7f80000,0x00000000d8480000)
 ParOldGen       total 87552K, used 14625K [0x0000000081c00000, 0x0000000087180000, 0x00000000d5f00000)
  object space 87552K, 16% used [0x0000000081c00000,0x0000000082a485a8,0x0000000087180000)
 Metaspace       used 20669K, capacity 21030K, committed 21296K, reserved 1069056K
  class space    used 2470K, capacity 2610K, committed 2688K, reserved 1048576K
}
Event: 8.260 GC heap before
{Heap before GC invocations=7 (full 1):
 PSYoungGen      total 38400K, used 5096K [0x00000000d5f00000, 0x00000000d8980000, 0x0000000100000000)
  eden space 33280K, 0% used [0x00000000d5f00000,0x00000000d5f00000,0x00000000d7f80000)
  from space 5120K, 99% used [0x00000000d8480000,0x00000000d897a020,0x00000000d8980000)
  to   space 5120K, 0% used [0x00000000d7f80000,0x00000000d7f80000,0x00000000d8480000)
 ParOldGen       total 87552K, used 14625K [0x0000000081c00000, 0x0000000087180000, 0x00000000d5f00000)
  object space 87552K, 16% used [0x0000000081c00000,0x0000000082a485a8,0x0000000087180000)
 Metaspace       used 20669K, capacity 21030K, committed 21296K, reserved 1069056K
  class space    used 2470K, capacity 2610K, committed 2688K, reserved 1048576K
Event: 8.466 GC heap after
Heap after GC invocations=7 (full 1):
 PSYoungGen      total 38400K, used 0K [0x00000000d5f00000, 0x00000000d8980000, 0x0000000100000000)
  eden space 33280K, 0% used [0x00000000d5f00000,0x00000000d5f00000,0x00000000d7f80000)
  from space 5120K, 0% used [0x00000000d8480000,0x00000000d8480000,0x00000000d8980000)
  to   space 5120K, 0% used [0x00000000d7f80000,0x00000000d7f80000,0x00000000d8480000)
 ParOldGen       total 59904K, used 14919K [0x0000000081c00000, 0x0000000085680000, 0x00000000d5f00000)
  object space 59904K, 24% used [0x0000000081c00000,0x0000000082a91e50,0x0000000085680000)
 Metaspace       used 20669K, capacity 21030K, committed 21296K, reserved 1069056K
  class space    used 2470K, capacity 2610K, committed 2688K, reserved 1048576K
}
Event: 11.943 GC heap before
{Heap before GC invocations=8 (full 1):
 PSYoungGen      total 38400K, used 33280K [0x00000000d5f00000, 0x00000000d8980000, 0x0000000100000000)
  eden space 33280K, 100% used [0x00000000d5f00000,0x00000000d7f80000,0x00000000d7f80000)
  from space 5120K, 0% used [0x00000000d8480000,0x00000000d8480000,0x00000000d8980000)
  to   space 5120K, 0% used [0x00000000d7f80000,0x00000000d7f80000,0x00000000d8480000)
 ParOldGen       total 59904K, used 14919K [0x0000000081c00000, 0x0000000085680000, 0x00000000d5f00000)
  object space 59904K, 24% used [0x0000000081c00000,0x0000000082a91e50,0x0000000085680000)
 Metaspace       used 21550K, capacity 22032K, committed 22448K, reserved 1069056K
  class space    used 2556K, capacity 2707K, committed 2816K, reserved 1048576K
Event: 12.233 GC heap after
Heap after GC invocations=8 (full 1):
 PSYoungGen      total 38400K, used 4409K [0x00000000d5f00000, 0x00000000db080000, 0x0000000100000000)
  eden space 33280K, 0% used [0x00000000d5f00000,0x00000000d5f00000,0x00000000d7f80000)
  from space 5120K, 86% used [0x00000000d7f80000,0x00000000d83ce610,0x00000000d8480000)
  to   space 11264K, 0% used [0x00000000da580000,0x00000000da580000,0x00000000db080000)
 ParOldGen       total 59904K, used 14927K [0x0000000081c00000, 0x0000000085680000, 0x00000000d5f00000)
  object space 59904K, 24% used [0x0000000081c00000,0x0000000082a93e50,0x0000000085680000)
 Metaspace       used 21550K, capacity 22032K, committed 22448K, reserved 1069056K
  class space    used 2556K, capacity 2707K, committed 2816K, reserved 1048576K
}

